# JRE version: Java(TM) SE Runtime Environment (17.0.12+8) (build 17.0.12+8-LTS-286)
# Java VM: Java HotSpot(TM) 64-Bit Server VM (17.0.12+8-LTS-286, mixed mode, sharing, tiered, compressed oops, compressed class ptrs, g1 gc, windows-amd64)
GC Precious Log:
 CPUs: 16 total, 16 available
 Memory: 7501M
 Large Page Support: Disabled
 NUMA Support: Disabled
 Compressed Oops: Enabled (Zero based)
 Heap Region Size: 2M
 Heap Min Capacity: 8M
 Heap Initial Capacity: 118M
 Heap Max Capacity: 4G
 Pre-touch: Disabled
 Parallel Workers: 13
 Concurrent Workers: 3
 Concurrent Refinement Workers: 13
 Periodic GC: Disabled
Heap:
 garbage-first heap   total 948224K, used 624134K [0x0000000700000000, 0x0000000800000000)
  region size 2048K, 7 young (14336K), 7 survivors (14336K)
 Metaspace       used 179785K, committed 182464K, reserved 1048576K
  class space    used 23294K, committed 24512K, reserved 851968K
GC Heap History (20 events):
Event: 512.044 GC heap after
{Heap after GC invocations=106 (full 0):
 garbage-first heap   total 919552K, used 415801K [0x0000000700000000, 0x0000000800000000)
  region size 2048K, 10 young (20480K), 10 survivors (20480K)
 Metaspace       used 175636K, committed 178304K, reserved 1048576K
  class space    used 22822K, committed 24064K, reserved 851968K
}
Event: 525.898 GC heap before
{Heap before GC invocations=106 (full 0):
 garbage-first heap   total 919552K, used 774201K [0x0000000700000000, 0x0000000800000000)
  region size 2048K, 185 young (378880K), 10 survivors (20480K)
 Metaspace       used 175844K, committed 178496K, reserved 1048576K
  class space    used 22830K, committed 24064K, reserved 851968K
}
Event: 525.977 GC heap after
{Heap after GC invocations=107 (full 0):
 garbage-first heap   total 919552K, used 407811K [0x0000000700000000, 0x0000000800000000)
  region size 2048K, 7 young (14336K), 7 survivors (14336K)
 Metaspace       used 175844K, committed 178496K, reserved 1048576K
  class space    used 22830K, committed 24064K, reserved 851968K
}
Event: 534.560 GC heap before
{Heap before GC invocations=107 (full 0):
 garbage-first heap   total 919552K, used 788739K [0x0000000700000000, 0x0000000800000000)
  region size 2048K, 190 young (389120K), 7 survivors (14336K)
 Metaspace       used 176252K, committed 178880K, reserved 1048576K
  class space    used 22858K, committed 24064K, reserved 851968K
}
Event: 534.618 GC heap after
{Heap after GC invocations=108 (full 0):
 garbage-first heap   total 919552K, used 419281K [0x0000000700000000, 0x0000000800000000)
  region size 2048K, 12 young (24576K), 12 survivors (24576K)
 Metaspace       used 176252K, committed 178880K, reserved 1048576K
  class space    used 22858K, committed 24064K, reserved 851968K
}
Event: 537.128 GC heap before
{Heap before GC invocations=108 (full 0):
 garbage-first heap   total 919552K, used 781777K [0x0000000700000000, 0x0000000800000000)
  region size 2048K, 189 young (387072K), 12 survivors (24576K)
 Metaspace       used 176531K, committed 179200K, reserved 1048576K
  class space    used 22889K, committed 24128K, reserved 851968K
}
Event: 537.166 GC heap after
{Heap after GC invocations=109 (full 0):
 garbage-first heap   total 919552K, used 413636K [0x0000000700000000, 0x0000000800000000)
  region size 2048K, 10 young (20480K), 10 survivors (20480K)
 Metaspace       used 176531K, committed 179200K, reserved 1048576K
  class space    used 22889K, committed 24128K, reserved 851968K
}
Event: 543.563 GC heap before
{Heap before GC invocations=109 (full 0):
 garbage-first heap   total 919552K, used 788420K [0x0000000700000000, 0x0000000800000000)
  region size 2048K, 194 young (397312K), 10 survivors (20480K)
 Metaspace       used 176937K, committed 179648K, reserved 1048576K
  class space    used 22935K, committed 24192K, reserved 851968K
}
Event: 543.626 GC heap after
{Heap after GC invocations=110 (full 0):
 garbage-first heap   total 919552K, used 414353K [0x0000000700000000, 0x0000000800000000)
  region size 2048K, 10 young (20480K), 10 survivors (20480K)
 Metaspace       used 176937K, committed 179648K, reserved 1048576K
  class space    used 22935K, committed 24192K, reserved 851968K
}
Event: 554.897 GC heap before
{Heap before GC invocations=110 (full 0):
 garbage-first heap   total 919552K, used 795281K [0x0000000700000000, 0x0000000800000000)
  region size 2048K, 196 young (401408K), 10 survivors (20480K)
 Metaspace       used 178459K, committed 181184K, reserved 1048576K
  class space    used 23130K, committed 24384K, reserved 851968K
}
Event: 554.987 GC heap after
{Heap after GC invocations=111 (full 0):
 garbage-first heap   total 919552K, used 412678K [0x0000000700000000, 0x0000000800000000)
  region size 2048K, 10 young (20480K), 10 survivors (20480K)
 Metaspace       used 178459K, committed 181184K, reserved 1048576K
  class space    used 23130K, committed 24384K, reserved 851968K
}
Event: 560.394 GC heap before
{Heap before GC invocations=111 (full 0):
 garbage-first heap   total 919552K, used 848902K [0x0000000700000000, 0x0000000800000000)
  region size 2048K, 196 young (401408K), 10 survivors (20480K)
 Metaspace       used 179499K, committed 182208K, reserved 1048576K
  class space    used 23278K, committed 24512K, reserved 851968K
}
Event: 560.682 GC heap after
{Heap after GC invocations=112 (full 0):
 garbage-first heap   total 948224K, used 525517K [0x0000000700000000, 0x0000000800000000)
  region size 2048K, 25 young (51200K), 25 survivors (51200K)
 Metaspace       used 179499K, committed 182208K, reserved 1048576K
  class space    used 23278K, committed 24512K, reserved 851968K
}
Event: 561.017 GC heap before
{Heap before GC invocations=112 (full 0):
 garbage-first heap   total 948224K, used 570573K [0x0000000700000000, 0x0000000800000000)
  region size 2048K, 47 young (96256K), 25 survivors (51200K)
 Metaspace       used 179509K, committed 182272K, reserved 1048576K
  class space    used 23278K, committed 24512K, reserved 851968K
}
Event: 561.134 GC heap after
{Heap after GC invocations=113 (full 0):
 garbage-first heap   total 948224K, used 547118K [0x0000000700000000, 0x0000000800000000)
  region size 2048K, 6 young (12288K), 6 survivors (12288K)
 Metaspace       used 179509K, committed 182272K, reserved 1048576K
  class space    used 23278K, committed 24512K, reserved 851968K
}
Event: 561.402 GC heap before
{Heap before GC invocations=113 (full 0):
 garbage-first heap   total 948224K, used 581934K [0x0000000700000000, 0x0000000800000000)
  region size 2048K, 23 young (47104K), 6 survivors (12288K)
 Metaspace       used 179514K, committed 182272K, reserved 1048576K
  class space    used 23278K, committed 24512K, reserved 851968K
}
Event: 561.439 GC heap after
{Heap after GC invocations=114 (full 0):
 garbage-first heap   total 948224K, used 567101K [0x0000000700000000, 0x0000000800000000)
  region size 2048K, 3 young (6144K), 3 survivors (6144K)
 Metaspace       used 179514K, committed 182272K, reserved 1048576K
  class space    used 23278K, committed 24512K, reserved 851968K
}
Event: 562.548 GC heap before
{Heap before GC invocations=114 (full 0):
 garbage-first heap   total 948224K, used 687933K [0x0000000700000000, 0x0000000800000000)
  region size 2048K, 63 young (129024K), 3 survivors (6144K)
 Metaspace       used 179597K, committed 182272K, reserved 1048576K
  class space    used 23281K, committed 24512K, reserved 851968K
}
Event: 562.598 GC heap after
{Heap after GC invocations=115 (full 0):
 garbage-first heap   total 948224K, used 609947K [0x0000000700000000, 0x0000000800000000)
  region size 2048K, 8 young (16384K), 8 survivors (16384K)
 Metaspace       used 179597K, committed 182272K, reserved 1048576K
  class space    used 23281K, committed 24512K, reserved 851968K
}
Event: 564.273 GC heap before
{Heap before GC invocations=115 (full 0):
 garbage-first heap   total 948224K, used 738971K [0x0000000700000000, 0x0000000800000000)
  region size 2048K, 72 young (147456K), 8 survivors (16384K)
 Metaspace       used 179785K, committed 182464K, reserved 1048576K
  class space    used 23294K, committed 24512K, reserved 851968K
}

